Arguments: 
  /Users/hans_hofner/.nvm/versions/node/v16.17.0/bin/node /opt/homebrew/Cellar/yarn/1.22.19/libexec/bin/yarn.js add -D @11ty/eleventy

PATH: 
  /opt/homebrew/Caskroom/miniforge/base/bin:/opt/homebrew/Caskroom/miniforge/base/condabin:/Users/hans_hofner/.nvm/versions/node/v16.17.0/bin:/Applications/Sublime Text.app/Contents/SharedSupport/bin:/opt/homebrew/bin:/opt/homebrew/sbin:/usr/local/bin:/usr/bin:/bin:/usr/sbin:/sbin:/Library/Apple/usr/bin:/Users/hans_hofner/Library/Application Support/JetBrains/Toolbox/scripts:/Users/hans_hofner/Library/Android/sdk/platform-tools

Yarn version: 
  1.22.19

Node version: 
  16.17.0

Platform: 
  darwin arm64

Trace: 
  SyntaxError: /Users/hans_hofner/blog/package.json: Unexpected token } in JSON at position 242
      at JSON.parse (<anonymous>)
      at /opt/homebrew/Cellar/yarn/1.22.19/libexec/lib/cli.js:1629:59
      at Generator.next (<anonymous>)
      at step (/opt/homebrew/Cellar/yarn/1.22.19/libexec/lib/cli.js:310:30)
      at /opt/homebrew/Cellar/yarn/1.22.19/libexec/lib/cli.js:321:13

npm manifest: 
  {
    "name": "THL",
    "version": "1.0.0",
    "description": "Blog about what Hans learned (today)",
    "scripts": {
      "build": "env NODE_ENV=production npx eleventy",
      "serve": "npx eleventy --serve",
      "debug": "DEBUG=* npx eleventy",
    }
  }

yarn manifest: 
  No manifest

Lockfile: 
  # THIS IS AN AUTOGENERATED FILE. DO NOT EDIT THIS FILE DIRECTLY.
  # yarn lockfile v1
